<?xml version="1.0" encoding="UTF-8"?>
<!-- Generated by org.testng.reporters.JUnitReportReporter -->
<testsuite skipped="2" hostname="siva-PC" name="com.qa.TestCases.FrameTest" tests="3" failures="0" timestamp="07 Oct 2020 05:42:07 GMT" time="52.117" errors="0">
  <testcase name="iframewithinframe" time="52.117" classname="com.qa.TestCases.FrameTest"/>
  <testcase name="FrameText" classname="com.qa.TestCases.FrameTest">
    <skipped/>
  </testcase> <!-- FrameText -->
  <testcase name="frameclick" classname="com.qa.TestCases.FrameTest">
    <skipped/>
  </testcase> <!-- frameclick -->
</testsuite> <!-- com.qa.TestCases.FrameTest -->
