<?xml version="1.0" encoding="UTF-8"?>
<!-- Generated by org.testng.reporters.JUnitReportReporter -->
<testsuite skipped="0" hostname="siva-PC" name="com.qa.TestCases.AlertPAgeTest" tests="1" failures="0" timestamp="07 Oct 2020 08:25:33 GMT" time="20.565" errors="0">
  <testcase name="alertswithok" time="20.565" classname="com.qa.TestCases.AlertPAgeTest"/>
</testsuite> <!-- com.qa.TestCases.AlertPAgeTest -->
