<?xml version="1.0" encoding="UTF-8"?>
<!-- Generated by org.testng.reporters.JUnitReportReporter -->
<testsuite skipped="0" hostname="siva-PC" name="com.qa.TestCases.WindowTest" tests="1" failures="0" timestamp="07 Oct 2020 08:25:33 GMT" time="16.189" errors="0">
  <testcase name="WindowTitle" time="16.189" classname="com.qa.TestCases.WindowTest"/>
</testsuite> <!-- com.qa.TestCases.WindowTest -->
