<?xml version="1.0" encoding="UTF-8"?>
<!-- Generated by org.testng.reporters.JUnitReportReporter -->
<testsuite skipped="0" hostname="siva-PC" name="com.qa.TestCases.LoginPageTest" tests="1" failures="0" timestamp="07 Oct 2020 08:25:33 GMT" time="9.126" errors="0">
  <testcase name="LoginPageTitle" time="9.126" classname="com.qa.TestCases.LoginPageTest"/>
</testsuite> <!-- com.qa.TestCases.LoginPageTest -->
