<?xml version="1.0" encoding="UTF-8"?>
<!-- Generated by org.testng.reporters.JUnitReportReporter -->
<testsuite skipped="0" hostname="siva-PC" name="com.qa.TestCases.SwitchToTest" tests="1" failures="0" timestamp="07 Oct 2020 08:25:33 GMT" time="15.810" errors="0">
  <testcase name="SwitchToTitle" time="15.810" classname="com.qa.TestCases.SwitchToTest"/>
</testsuite> <!-- com.qa.TestCases.SwitchToTest -->
