<?xml version="1.0" encoding="UTF-8"?>
<!-- Generated by org.testng.reporters.JUnitReportReporter -->
<testsuite skipped="0" hostname="siva-PC" name="LoginPageTest" tests="2" failures="0" timestamp="30 Sep 2020 09:03:37 GMT" time="37.028" errors="0">
  <testcase name="LoginPageTitle" time="14.977" classname="LoginPageTest"/>
  <testcase name="loginTest" time="22.051" classname="LoginPageTest"/>
</testsuite> <!-- LoginPageTest -->
