<?xml version="1.0" encoding="UTF-8"?>
<!-- Generated by org.testng.reporters.JUnitReportReporter -->
<testsuite skipped="0" hostname="siva-PC" name="HomePageTest" tests="1" failures="0" timestamp="30 Sep 2020 09:03:37 GMT" time="26.123" errors="0">
  <testcase name="validatinghomepageTitle" time="26.123" classname="HomePageTest"/>
</testsuite> <!-- HomePageTest -->
