<?xml version="1.0" encoding="UTF-8"?>
<!-- Generated by org.testng.reporters.JUnitReportReporter -->
<testsuite skipped="0" hostname="siva-PC" name="com.TestNG.OrangeTest" tests="2" failures="0" timestamp="04 Aug 2020 05:25:46 GMT" time="36.599" errors="0">
  <testcase name="CurrentUrl" time="19.159" classname="com.TestNG.OrangeTest"/>
  <testcase name="GoogleTitle" time="17.440" classname="com.TestNG.OrangeTest"/>
</testsuite> <!-- com.TestNG.OrangeTest -->
