<?xml version="1.0" encoding="UTF-8"?>
<!-- Generated by org.testng.reporters.JUnitReportReporter -->
<testsuite skipped="0" hostname="siva-PC" name="com.Log4j.Log4j" tests="2" failures="0" timestamp="13 Aug 2020 12:46:45 GMT" time="68.414" errors="0">
  <testcase name="CurrentUrl" time="15.407" classname="com.Log4j.Log4j"/>
  <testcase name="GoogleTitle" time="53.007" classname="com.Log4j.Log4j"/>
</testsuite> <!-- com.Log4j.Log4j -->
