<?xml version="1.0" encoding="UTF-8"?>
<!-- Generated by org.testng.reporters.JUnitReportReporter -->
<testsuite skipped="0" hostname="siva-PC" name="com.TestNG.InvocationCount" tests="10" failures="0" timestamp="04 Aug 2020 05:25:46 GMT" time="0.029" errors="0">
  <testcase name="sum" time="0.002" classname="com.TestNG.InvocationCount"/>
  <testcase name="sum" time="0.002" classname="com.TestNG.InvocationCount"/>
  <testcase name="sum" time="0.005" classname="com.TestNG.InvocationCount"/>
  <testcase name="sum" time="0.002" classname="com.TestNG.InvocationCount"/>
  <testcase name="sum" time="0.004" classname="com.TestNG.InvocationCount"/>
  <testcase name="sum" time="0.001" classname="com.TestNG.InvocationCount"/>
  <testcase name="sum" time="0.004" classname="com.TestNG.InvocationCount"/>
  <testcase name="sum" time="0.003" classname="com.TestNG.InvocationCount"/>
  <testcase name="sum" time="0.005" classname="com.TestNG.InvocationCount"/>
  <testcase name="sum" time="0.001" classname="com.TestNG.InvocationCount"/>
</testsuite> <!-- com.TestNG.InvocationCount -->
