<?xml version="1.0" encoding="UTF-8"?>
<!-- Generated by org.testng.reporters.JUnitReportReporter -->
<testsuite skipped="0" hostname="siva-PC" name="com.TestNG.FaceBook_DataProvider" tests="4" failures="0" timestamp="05 Aug 2020 15:02:04 GMT" time="43.670" errors="0">
  <testcase name="fb_login" time="11.069" classname="com.TestNG.FaceBook_DataProvider"/>
  <testcase name="fb_login" time="9.174" classname="com.TestNG.FaceBook_DataProvider"/>
  <testcase name="fb_login" time="9.701" classname="com.TestNG.FaceBook_DataProvider"/>
  <testcase name="fb_login" time="13.726" classname="com.TestNG.FaceBook_DataProvider"/>
</testsuite> <!-- com.TestNG.FaceBook_DataProvider -->
