<?xml version="1.0" encoding="UTF-8"?>
<!-- Generated by org.testng.reporters.JUnitReportReporter -->
<testsuite skipped="0" hostname="siva-PC" name="com.TestNG.DataProviderExample" tests="3" failures="0" timestamp="04 Aug 2020 05:25:46 GMT" time="0.015" errors="0">
  <testcase name="Logintest" time="0.011" classname="com.TestNG.DataProviderExample"/>
  <testcase name="Logintest" time="0.003" classname="com.TestNG.DataProviderExample"/>
  <testcase name="Logintest" time="0.001" classname="com.TestNG.DataProviderExample"/>
</testsuite> <!-- com.TestNG.DataProviderExample -->
