<?xml version="1.0" encoding="UTF-8"?>
<!-- Generated by org.testng.reporters.JUnitReportReporter -->
<testsuite skipped="0" hostname="siva-PC" name="com.TestNG.Testng_grouping" tests="1" failures="0" timestamp="04 Aug 2020 05:25:46 GMT" time="16.121" errors="0">
  <testcase name="CurrentUrl" time="16.121" classname="com.TestNG.Testng_grouping"/>
</testsuite> <!-- com.TestNG.Testng_grouping -->
