<?xml version="1.0" encoding="UTF-8"?>
<!-- Generated by org.testng.reporters.JUnitReportReporter -->
<testsuite skipped="0" hostname="siva-PC" name="com.TestNG.DataProviderExample2" tests="3" failures="0" timestamp="04 Aug 2020 06:03:34 GMT" time="0.020" errors="0">
  <testcase name="Logintest" time="0.015" classname="com.TestNG.DataProviderExample2"/>
  <testcase name="Logintest" time="0.003" classname="com.TestNG.DataProviderExample2"/>
  <testcase name="Logintest" time="0.002" classname="com.TestNG.DataProviderExample2"/>
</testsuite> <!-- com.TestNG.DataProviderExample2 -->
