<?xml version="1.0" encoding="UTF-8"?>
<!-- Generated by org.testng.reporters.JUnitReportReporter -->
<testsuite skipped="0" hostname="siva-PC" name="com.TestNG.TestNg_Features" tests="4" failures="0" timestamp="04 Aug 2020 05:25:46 GMT" time="0.019" errors="0">
  <testcase name="test1" time="0.002" classname="com.TestNG.TestNg_Features"/>
  <testcase name="test4" time="0.002" classname="com.TestNG.TestNg_Features"/>
  <testcase name="test3" time="0.004" classname="com.TestNG.TestNg_Features"/>
  <testcase name="test2" time="0.011" classname="com.TestNG.TestNg_Features"/>
</testsuite> <!-- com.TestNG.TestNg_Features -->
