<?xml version="1.0" encoding="UTF-8"?>
<!-- Generated by org.testng.reporters.JUnitReportReporter -->
<testsuite skipped="0" hostname="siva-PC" name="com.TestNG.DataProvider_Fb" tests="2" failures="0" timestamp="04 Aug 2020 05:25:46 GMT" time="45.984" errors="0">
  <testcase name="Logintest" time="24.566" classname="com.TestNG.DataProvider_Fb"/>
  <testcase name="Logintest" time="21.418" classname="com.TestNG.DataProvider_Fb"/>
</testsuite> <!-- com.TestNG.DataProvider_Fb -->
