<?xml version="1.0" encoding="UTF-8"?>
<!-- Generated by org.testng.reporters.JUnitReportReporter -->
<testsuite skipped="0" hostname="siva-PC" name="com.TestNG.ExceptionTimeOut" tests="1" failures="0" timestamp="04 Aug 2020 05:25:46 GMT" time="0.008" errors="0">
  <testcase name="Hi" time="0.008" classname="com.TestNG.ExceptionTimeOut"/>
</testsuite> <!-- com.TestNG.ExceptionTimeOut -->
