<?xml version="1.0" encoding="UTF-8"?>
<!-- Generated by org.testng.reporters.JUnitReportReporter -->
<testsuite skipped="0" hostname="siva-PC" name="com.TestNG.DataProvider_register" tests="5" failures="0" timestamp="06 Aug 2020 10:58:16 GMT" time="131.109" errors="0">
  <testcase name="register_test" time="25.071" classname="com.TestNG.DataProvider_register"/>
  <testcase name="register_test" time="24.132" classname="com.TestNG.DataProvider_register"/>
  <testcase name="register_test" time="25.327" classname="com.TestNG.DataProvider_register"/>
  <testcase name="register_test" time="27.690" classname="com.TestNG.DataProvider_register"/>
  <testcase name="register_test" time="28.889" classname="com.TestNG.DataProvider_register"/>
</testsuite> <!-- com.TestNG.DataProvider_register -->
