<?xml version="1.0" encoding="UTF-8"?>
<!-- Generated by org.testng.reporters.JUnitReportReporter -->
<testsuite skipped="0" hostname="siva-PC" name="com.TestNG.TestNGBasics" tests="2" failures="0" timestamp="13 Aug 2020 10:30:53 GMT" time="0.058" errors="0">
  <testcase name="GoogleTitleTest" time="0.055" classname="com.TestNG.TestNGBasics"/>
  <testcase name="getText" time="0.003" classname="com.TestNG.TestNGBasics"/>
</testsuite> <!-- com.TestNG.TestNGBasics -->
